
> temp_app@0.1.0 dev
> next dev

 ⚠ Port 3000 is in use, trying 3001 instead.
 ⚠ Port 3001 is in use, trying 3002 instead.
 ⚠ Port 3002 is in use, trying 3003 instead.
  ▲ Next.js 14.2.35
  - Local:        http://localhost:3003

 ✓ Starting...
 ✓ Ready in 1858ms
 ○ Compiling / ...
 ✓ Compiled / in 4.7s (514 modules)
 GET / 200 in 5422ms
 ✓ Compiled in 690ms (247 modules)
 ○ Compiling /api/scan ...
 ⚠ ./src/app/api/scan/route.ts
Attempted import error: 'getOrCreateUser' is not exported from '@/lib/supabase' (imported as 'getOrCreateUser').

Import trace for requested module:
./src/app/api/scan/route.ts
 ⨯ TypeError: (0 , _lib_supabase__WEBPACK_IMPORTED_MODULE_2__.getOrCreateUser) is not a function
    at GET (webpack-internal:///(rsc)/./src/app/api/scan/route.ts:44:67)
    at /app/node_modules/next/dist/compiled/next-server/app-route.runtime.dev.js:6:57234
    at /app/node_modules/next/dist/server/lib/trace/tracer.js:140:36
    at NoopContextManager.with (/app/node_modules/next/dist/compiled/@opentelemetry/api/index.js:1:7062)
    at ContextAPI.with (/app/node_modules/next/dist/compiled/@opentelemetry/api/index.js:1:518)
    at NoopTracer.startActiveSpan (/app/node_modules/next/dist/compiled/@opentelemetry/api/index.js:1:18093)
    at ProxyTracer.startActiveSpan (/app/node_modules/next/dist/compiled/@opentelemetry/api/index.js:1:18854)
    at /app/node_modules/next/dist/server/lib/trace/tracer.js:122:103
    at NoopContextManager.with (/app/node_modules/next/dist/compiled/@opentelemetry/api/index.js:1:7062)
    at ContextAPI.with (/app/node_modules/next/dist/compiled/@opentelemetry/api/index.js:1:518)
    at NextTracerImpl.trace (/app/node_modules/next/dist/server/lib/trace/tracer.js:122:28)
    at /app/node_modules/next/dist/compiled/next-server/app-route.runtime.dev.js:6:48896
    at AsyncLocalStorage.run (node:internal/async_local_storage/async_hooks:91:14)
    at Object.wrap (/app/node_modules/next/dist/compiled/next-server/app-route.runtime.dev.js:6:40958)
    at /app/node_modules/next/dist/compiled/next-server/app-route.runtime.dev.js:6:47472
    at AsyncLocalStorage.run (node:internal/async_local_storage/async_hooks:91:14)
    at Object.wrap (/app/node_modules/next/dist/compiled/next-server/app-route.runtime.dev.js:6:38293)
    at /app/node_modules/next/dist/compiled/next-server/app-route.runtime.dev.js:6:47434
    at AsyncLocalStorage.run (node:internal/async_local_storage/async_hooks:91:14)
    at eT.execute (/app/node_modules/next/dist/compiled/next-server/app-route.runtime.dev.js:6:46881)
    at eT.handle (/app/node_modules/next/dist/compiled/next-server/app-route.runtime.dev.js:6:58771)
    at doRender (/app/node_modules/next/dist/server/base-server.js:1366:60)
    at cacheEntry.responseCache.get.routeKind (/app/node_modules/next/dist/server/base-server.js:1588:34)
    at ResponseCache.get (/app/node_modules/next/dist/server/response-cache/index.js:49:26)
    at DevServer.renderToResponseWithComponentsImpl (/app/node_modules/next/dist/server/base-server.js:1496:53)
 GET /api/scan?sector=Burger%20Joints&location=Austin%2C%20TX 500 in 7387ms
 ⨯ TypeError: (0 , _lib_supabase__WEBPACK_IMPORTED_MODULE_2__.getOrCreateUser) is not a function
    at GET (webpack-internal:///(rsc)/./src/app/api/scan/route.ts:44:67)
    at /app/node_modules/next/dist/compiled/next-server/app-route.runtime.dev.js:6:57234
    at /app/node_modules/next/dist/server/lib/trace/tracer.js:140:36
    at NoopContextManager.with (/app/node_modules/next/dist/compiled/@opentelemetry/api/index.js:1:7062)
    at ContextAPI.with (/app/node_modules/next/dist/compiled/@opentelemetry/api/index.js:1:518)
    at NoopTracer.startActiveSpan (/app/node_modules/next/dist/compiled/@opentelemetry/api/index.js:1:18093)
    at ProxyTracer.startActiveSpan (/app/node_modules/next/dist/compiled/@opentelemetry/api/index.js:1:18854)
    at /app/node_modules/next/dist/server/lib/trace/tracer.js:122:103
    at NoopContextManager.with (/app/node_modules/next/dist/compiled/@opentelemetry/api/index.js:1:7062)
    at ContextAPI.with (/app/node_modules/next/dist/compiled/@opentelemetry/api/index.js:1:518)
    at NextTracerImpl.trace (/app/node_modules/next/dist/server/lib/trace/tracer.js:122:28)
    at /app/node_modules/next/dist/compiled/next-server/app-route.runtime.dev.js:6:48896
    at AsyncLocalStorage.run (node:internal/async_local_storage/async_hooks:91:14)
    at Object.wrap (/app/node_modules/next/dist/compiled/next-server/app-route.runtime.dev.js:6:40958)
    at /app/node_modules/next/dist/compiled/next-server/app-route.runtime.dev.js:6:47472
    at AsyncLocalStorage.run (node:internal/async_local_storage/async_hooks:91:14)
    at Object.wrap (/app/node_modules/next/dist/compiled/next-server/app-route.runtime.dev.js:6:38293)
    at /app/node_modules/next/dist/compiled/next-server/app-route.runtime.dev.js:6:47434
    at AsyncLocalStorage.run (node:internal/async_local_storage/async_hooks:91:14)
    at eT.execute (/app/node_modules/next/dist/compiled/next-server/app-route.runtime.dev.js:6:46881)
    at eT.handle (/app/node_modules/next/dist/compiled/next-server/app-route.runtime.dev.js:6:58771)
    at doRender (/app/node_modules/next/dist/server/base-server.js:1366:60)
    at cacheEntry.responseCache.get.routeKind (/app/node_modules/next/dist/server/base-server.js:1588:34)
    at ResponseCache.get (/app/node_modules/next/dist/server/response-cache/index.js:49:26)
    at DevServer.renderToResponseWithComponentsImpl (/app/node_modules/next/dist/server/base-server.js:1496:53)
 GET /api/scan?sector=Burger%20Joints&location=Austin%2C%20TX 500 in 12ms
 ✓ Compiled /api/scan in 229ms (258 modules)
 GET / 200 in 368ms
 ✓ Compiled /api/scan in 339ms (584 modules)
Error fetching user: {
  message: 'TypeError: fetch failed',
  details: 'TypeError: fetch failed\n' +
    '\n' +
    'Caused by: Error: getaddrinfo ENOTFOUND iebiimj3nyt5zfadujdizg.supabase.co (ENOTFOUND)\n' +
    'Error: getaddrinfo ENOTFOUND iebiimj3nyt5zfadujdizg.supabase.co\n' +
    '    at GetAddrInfoReqWrap.onlookupall [as oncomplete] (node:dns:122:26)\n' +
    '    at GetAddrInfoReqWrap.callbackTrampoline (node:internal/async_hooks:130:17)',
  hint: '',
  code: ''
}
Error logging scan execution: {
  message: 'TypeError: fetch failed',
  details: 'TypeError: fetch failed\n' +
    '\n' +
    'Caused by: Error: getaddrinfo ENOTFOUND iebiimj3nyt5zfadujdizg.supabase.co (ENOTFOUND)\n' +
    'Error: getaddrinfo ENOTFOUND iebiimj3nyt5zfadujdizg.supabase.co\n' +
    '    at GetAddrInfoReqWrap.onlookupall [as oncomplete] (node:dns:122:26)\n' +
    '    at GetAddrInfoReqWrap.callbackTrampoline (node:internal/async_hooks:130:17)',
  hint: '',
  code: ''
}
 GET /api/scan?sector=Burger%20Joints&location=Austin%2C%20TX 200 in 2761ms
 GET /api/scan?sector=Burger%20Joints&location=Austin%2C%20TX 200 in 2169ms
Error fetching user: {
  message: 'TypeError: fetch failed',
  details: 'TypeError: fetch failed\n' +
    '\n' +
    'Caused by: Error: getaddrinfo ENOTFOUND iebiimj3nyt5zfadujdizg.supabase.co (ENOTFOUND)\n' +
    'Error: getaddrinfo ENOTFOUND iebiimj3nyt5zfadujdizg.supabase.co\n' +
    '    at GetAddrInfoReqWrap.onlookupall [as oncomplete] (node:dns:122:26)\n' +
    '    at GetAddrInfoReqWrap.callbackTrampoline (node:internal/async_hooks:130:17)',
  hint: '',
  code: ''
}
Error logging scan execution: {
  message: 'TypeError: fetch failed',
  details: 'TypeError: fetch failed\n' +
    '\n' +
    'Caused by: Error: getaddrinfo ENOTFOUND iebiimj3nyt5zfadujdizg.supabase.co (ENOTFOUND)\n' +
    'Error: getaddrinfo ENOTFOUND iebiimj3nyt5zfadujdizg.supabase.co\n' +
    '    at GetAddrInfoReqWrap.onlookupall [as oncomplete] (node:dns:122:26)\n' +
    '    at GetAddrInfoReqWrap.callbackTrampoline (node:internal/async_hooks:130:17)',
  hint: '',
  code: ''
}
 ✓ Compiled in 4.2s (505 modules)
 ✓ Compiled in 548ms (505 modules)
 ✓ Compiled in 392ms (505 modules)
 ✓ Compiled in 721ms (505 modules)
 ✓ Compiled in 407ms (505 modules)
 ✓ Compiled in 581ms (505 modules)
 ✓ Compiled in 357ms (505 modules)
 ✓ Compiled in 369ms (505 modules)
 ✓ Compiled in 661ms (505 modules)
 ✓ Compiled in 639ms (505 modules)
 ✓ Compiled in 1057ms (505 modules)
 ✓ Compiled in 519ms (505 modules)
 ✓ Compiled in 904ms (491 modules)
 ✓ Compiled in 238ms (247 modules)
 ✓ Compiled in 197ms (247 modules)
 ✓ Compiled in 570ms (505 modules)
 ✓ Compiled in 1182ms (588 modules)
 ✓ Compiled in 475ms (588 modules)
 ✓ Compiled in 456ms (574 modules)
 ✓ Compiled in 1257ms (588 modules)
 ⨯ ./src/app/page.tsx
Error:
  [31mx[0m Expression expected
    ,-[[36;1;4m/app/src/app/page.tsx[0m:14:1]
 [2m14[0m | export default function Home() {
 [2m15[0m |   const [isLoading, setIsLoading] = useState(true);
 [2m16[0m |   const [session, setSession] = useState<// eslint-disable-next-line @typescript-eslint/no-explicit-any
 [2m17[0m |   const [session, setSession] = useState<any>(null);
    : [31;1m  ^^^^^[0m
 [2m18[0m |   const router = useRouter();
 [2m19[0m |   const [leads, setLeads] = useState<Lead[]>([]);
 [2m20[0m |   const [selectedLead, setSelectedLead] = useState<Lead | null>(null);
    `----

Caused by:
    Syntax Error

Import trace for requested module:
./src/app/page.tsx
 ⨯ ./src/components/DataGrid.tsx
Error:
  [31mx[0m Unexpected token `&`. Expected a string literal
   ,-[[36;1;4m/app/src/components/DataGrid.tsx[0m:1:1]
 [2m1[0m | import React from &apos;react&apos;;
   : [31;1m                  ^[0m
 [2m2[0m | import { Lead } from &apos;../types/lead&apos;;
 [2m3[0m |
 [2m4[0m | interface DataGridProps {
   `----

Caused by:
    Syntax Error

Import trace for requested module:
./src/components/DataGrid.tsx
./src/app/page.tsx
 ✓ Compiled in 363ms (588 modules)
 ⚠ ./src/app/page.tsx
Attempted import error: '../components/DataGrid' does not contain a default export (imported as 'DataGrid').

Import trace for requested module:
./src/app/page.tsx

./src/app/page.tsx
Attempted import error: '../components/DataGrid' does not contain a default export (imported as 'DataGrid').

Import trace for requested module:
./src/app/page.tsx
 ⚠ ./src/app/page.tsx
Attempted import error: '../components/DataGrid' does not contain a default export (imported as 'DataGrid').

Import trace for requested module:
./src/app/page.tsx

./src/app/page.tsx
Attempted import error: '../components/DataGrid' does not contain a default export (imported as 'DataGrid').

Import trace for requested module:
./src/app/page.tsx
 ⚠ ./src/app/page.tsx
Attempted import error: '../components/DataGrid' does not contain a default export (imported as 'DataGrid').

Import trace for requested module:
./src/app/page.tsx

./src/app/page.tsx
Attempted import error: '../components/DataGrid' does not contain a default export (imported as 'DataGrid').

Import trace for requested module:
./src/app/page.tsx
 ⨯ ./src/components/DataGrid.tsx
Error:
  [31mx[0m Unexpected token `&`. Expected a string literal
   ,-[[36;1;4m/app/src/components/DataGrid.tsx[0m:1:1]
 [2m1[0m | import React from &apos;react&apos;;
   : [31;1m                  ^[0m
 [2m2[0m | import { Lead } from &apos;../types/lead&apos;;
 [2m3[0m |
 [2m4[0m | interface DataGridProps {
   `----

Caused by:
    Syntax Error

Import trace for requested module:
./src/components/DataGrid.tsx
./src/app/page.tsx
 ✓ Compiled in 553ms (588 modules)
 ⚠ ./src/app/page.tsx
Attempted import error: '../components/DataGrid' does not contain a default export (imported as 'DataGrid').

Import trace for requested module:
./src/app/page.tsx

./src/app/page.tsx
Attempted import error: '../components/DataGrid' does not contain a default export (imported as 'DataGrid').

Import trace for requested module:
./src/app/page.tsx
 ✓ Compiled in 410ms (588 modules)
 ✓ Compiled in 424ms (574 modules)
 ✓ Compiled in 489ms (588 modules)
 ✓ Compiled in 229ms (290 modules)
 ✓ Compiled in 188ms (290 modules)
 ✓ Compiled in 294ms (290 modules)
 ✓ Compiled in 210ms (290 modules)
 ✓ Compiled in 183ms (290 modules)
 ✓ Compiled in 597ms (588 modules)
 ✓ Compiled in 10.8s (702 modules)
 ✓ Compiled in 542ms (339 modules)
 ✓ Compiled in 259ms (339 modules)
 ✓ Compiled in 606ms (685 modules)
 ✓ Compiled in 1904ms (339 modules)
 ✓ Compiled in 257ms (339 modules)
 ✓ Compiled in 2.7s (685 modules)
 ✓ Compiled in 485ms (685 modules)
 ✓ Compiled in 721ms (685 modules)
<w> [webpack.cache.PackFileCacheStrategy] Caching failed for pack: Error: ENOENT: no such file or directory, rename '/app/.next/cache/webpack/client-development/1.pack.gz_' -> '/app/.next/cache/webpack/client-development/1.pack.gz'
